[2025-03-27 01:51:11] WARNING - [usuario: Moab] [area: auth] [funcao: login] - Tentativa de login falhou - Usuário ou senha inválidos
[2025-03-27 01:51:18] WARNING - [usuario: Moab] [area: auth] [funcao: login] - Tentativa de login falhou - Usuário ou senha inválidos
[2025-03-27 01:51:26] INFO - [usuario: admin] [area: auth] [funcao: login] - Login realizado com sucesso - Permissão: ADM
[2025-03-27 01:51:26] INFO - [usuario: admin] [area: paginas] [funcao: index] - Página inicial acessada - Sem detalhes adicionais
[2025-03-27 01:51:26] INFO - [usuario: admin] [area: empresas] [funcao: api_empresas_ativas] - Lista de empresas ativas carregada - Total de empresas ativas: 0
[2025-03-27 01:51:26] INFO - [usuario: admin] [area: entregadores] [funcao: api_entregadores_ativos] - Lista de entregadores ativos carregada - Total de entregadores ativos: 0
[2025-03-27 01:51:30] INFO - [usuario: admin] [area: paginas] [funcao: cadastros] - Página de cadastros acessada - Sem detalhes adicionais
[2025-03-27 01:51:35] INFO - [usuario: admin] [area: paginas] [funcao: index] - Página inicial acessada - Sem detalhes adicionais
[2025-03-27 01:51:35] INFO - [usuario: admin] [area: empresas] [funcao: api_empresas_ativas] - Lista de empresas ativas carregada - Total de empresas ativas: 0
[2025-03-27 01:51:35] INFO - [usuario: admin] [area: entregadores] [funcao: api_entregadores_ativos] - Lista de entregadores ativos carregada - Total de entregadores ativos: 0
[2025-03-27 01:51:36] INFO - [usuario: admin] [area: usuarios] [funcao: cadastro_usuario] - Página de cadastro de usuários acessada - Total de usuários listados: 1
[2025-03-27 01:51:39] INFO - [usuario: admin] [area: paginas] [funcao: index] - Página inicial acessada - Sem detalhes adicionais
[2025-03-27 01:51:39] INFO - [usuario: admin] [area: empresas] [funcao: api_empresas_ativas] - Lista de empresas ativas carregada - Total de empresas ativas: 0
[2025-03-27 01:51:39] INFO - [usuario: admin] [area: entregadores] [funcao: api_entregadores_ativos] - Lista de entregadores ativos carregada - Total de entregadores ativos: 0
[2025-03-27 01:52:31] INFO - [usuario: admin] [area: paginas] [funcao: index] - Página inicial acessada - Sem detalhes adicionais
[2025-03-27 01:52:31] INFO - [usuario: admin] [area: empresas] [funcao: api_empresas_ativas] - Lista de empresas ativas carregada - Total de empresas ativas: 0
[2025-03-27 01:52:31] INFO - [usuario: admin] [area: entregadores] [funcao: api_entregadores_ativos] - Lista de entregadores ativos carregada - Total de entregadores ativos: 0
[2025-03-27 01:52:32] INFO - [usuario: admin] [area: paginas] [funcao: index] - Página inicial acessada - Sem detalhes adicionais
[2025-03-27 01:52:32] INFO - [usuario: admin] [area: entregadores] [funcao: api_entregadores_ativos] - Lista de entregadores ativos carregada - Total de entregadores ativos: 0
[2025-03-27 01:52:32] INFO - [usuario: admin] [area: empresas] [funcao: api_empresas_ativas] - Lista de empresas ativas carregada - Total de empresas ativas: 0
[2025-03-27 01:52:34] INFO - [usuario: admin] [area: usuarios] [funcao: cadastro_usuario] - Página de cadastro de usuários acessada - Total de usuários listados: 1
[2025-03-27 01:52:36] INFO - [usuario: admin] [area: paginas] [funcao: cadastros] - Página de cadastros acessada - Sem detalhes adicionais
[2025-03-27 01:52:37] INFO - [usuario: admin] [area: paginas] [funcao: index] - Página inicial acessada - Sem detalhes adicionais
[2025-03-27 01:52:37] INFO - [usuario: admin] [area: empresas] [funcao: api_empresas_ativas] - Lista de empresas ativas carregada - Total de empresas ativas: 0
[2025-03-27 01:52:37] INFO - [usuario: admin] [area: entregadores] [funcao: api_entregadores_ativos] - Lista de entregadores ativos carregada - Total de entregadores ativos: 0
[2025-03-27 09:14:11] WARNING - [usuario: Sistema] [area: auth] [funcao: index] - Tentativa de acesso sem autenticação - URL acessada: http://localhost:5000/
[2025-03-27 09:14:17] WARNING - [usuario: Moab] [area: auth] [funcao: login] - Tentativa de login falhou - Usuário ou senha inválidos
[2025-03-27 09:14:32] INFO - [usuario: admin] [area: auth] [funcao: login] - Login realizado com sucesso - Permissão: ADM
[2025-03-27 09:14:32] INFO - [usuario: admin] [area: paginas] [funcao: index] - Página inicial acessada - Sem detalhes adicionais
[2025-03-27 09:14:32] INFO - [usuario: admin] [area: empresas] [funcao: api_empresas_ativas] - Lista de empresas ativas carregada - Total de empresas ativas: 0
[2025-03-27 09:14:32] INFO - [usuario: admin] [area: entregadores] [funcao: api_entregadores_ativos] - Lista de entregadores ativos carregada - Total de entregadores ativos: 0
[2025-03-27 09:14:36] INFO - [usuario: admin] [area: paginas] [funcao: cadastros] - Página de cadastros acessada - Sem detalhes adicionais
[2025-03-27 09:14:40] INFO - [usuario: admin] [area: paginas] [funcao: index] - Página inicial acessada - Sem detalhes adicionais
[2025-03-27 09:14:40] INFO - [usuario: admin] [area: empresas] [funcao: api_empresas_ativas] - Lista de empresas ativas carregada - Total de empresas ativas: 0
[2025-03-27 09:14:40] INFO - [usuario: admin] [area: entregadores] [funcao: api_entregadores_ativos] - Lista de entregadores ativos carregada - Total de entregadores ativos: 0
